dump/trace-638196-Base.json
dump/trace-638196-Native.json
dump/trace-638197-Base.json
dump/trace-638197-Native.json
dump/trace-638198-Base.json
dump/trace-638198-Native.json
dump/trace-638210-Base.json
dump/trace-638210-Native.json
dump/trace-638218-Base.json
dump/trace-638218-Native.json
dump/trace-638234-Base.json
dump/trace-638234-Native.json
dump/trace-638235-Base.json
dump/trace-638235-Native.json
dump/trace-638237-Base.json
dump/trace-638237-Native.json
dump/trace-638239-Base.json
dump/trace-638239-Native.json
dump/trace-638240-Base.json
dump/trace-638240-Native.json
dump/trace-638241-Base.json
dump/trace-638241-Native.json
dump/trace-638242-Base.json
dump/trace-638242-Native.json
dump/trace-638243-Base.json
dump/trace-638243-Native.json
dump/trace-638244-Base.json
dump/trace-638244-Native.json
dump/trace-638245-Base.json
dump/trace-638245-Native.json
dump/trace-638246-Base.json
dump/trace-638246-Native.json
dump/trace-638247-Base.json
dump/trace-638247-Native.json
dump/trace-638248-Base.json
dump/trace-638248-Native.json
dump/trace-638249-Base.json
dump/trace-638249-Native.json
dump/trace-638250-Base.json
dump/trace-638250-Native.json
dump/trace-638251-Base.json
dump/trace-638251-Native.json
dump/trace-638252-Base.json
dump/trace-638252-Native.json
dump/trace-638253-Base.json
dump/trace-638253-Native.json
dump/trace-638254-Base.json
dump/trace-638254-Native.json
dump/trace-638255-Base.json
dump/trace-638255-Native.json
dump/trace-638256-Base.json
dump/trace-638256-Native.json
dump/trace-638257-Base.json
dump/trace-638257-Native.json
dump/trace-638258-Base.json
dump/trace-638258-Native.json
dump/trace-638259-Base.json
dump/trace-638259-Native.json
dump/trace-638261-Base.json
dump/trace-638261-Native.json
dump/trace-638262-Base.json
dump/trace-638262-Native.json
dump/trace-638263-Base.json
dump/trace-638263-Native.json
dump/trace-638264-Base.json
dump/trace-638264-Native.json
dump/trace-638265-Base.json
dump/trace-638265-Native.json
dump/trace-638266-Base.json
dump/trace-638266-Native.json
dump/trace-638267-Base.json
dump/trace-638267-Native.json
dump/trace-638268-Base.json
dump/trace-638268-Native.json
dump/trace-638269-Base.json
dump/trace-638269-Native.json
dump/trace-638274-Base.json
dump/trace-638274-Native.json
dump/trace-638275-Base.json
dump/trace-638275-Native.json
dump/trace-638276-Base.json
dump/trace-638276-Native.json
dump/trace-638278-Base.json
dump/trace-638278-Native.json
dump/trace-638279-Base.json
dump/trace-638279-Native.json
dump/trace-638280-Base.json
dump/trace-638280-Native.json
dump/trace-638281-Base.json
dump/trace-638281-Native.json
dump/trace-638282-Base.json
dump/trace-638282-Native.json
dump/trace-638283-Base.json
dump/trace-638283-Native.json
dump/trace-638284-Base.json
dump/trace-638284-Native.json
dump/trace-638524-Base.json
dump/trace-638524-Native.json
dump/trace-638735-Base.json
dump/trace-638735-Native.json
dump/trace-638754-Base.json
dump/trace-638754-Native.json
dump/trace-638762-Base.json
dump/trace-638762-Native.json
dump/trace-638764-Base.json
dump/trace-638764-Native.json
dump/trace-640926-Base.json
dump/trace-640926-Native.json
dump/trace-640927-Base.json
dump/trace-640927-Native.json
dump/trace-640928-Base.json
dump/trace-640928-Native.json
dump/trace-640929-Base.json
dump/trace-640929-Native.json
dump/trace-640969-Base.json
dump/trace-640969-Native.json
dump/trace-640970-Base.json
dump/trace-640970-Native.json
dump/trace-640971-Base.json
dump/trace-640971-Native.json
dump/trace-641054-Base.json
dump/trace-641054-Native.json
dump/trace-641195-Base.json
dump/trace-641195-Native.json
dump/trace-641203-Base.json
dump/trace-641203-Native.json
dump/trace-641232-Base.json
dump/trace-641232-Native.json
dump/trace-641254-Base.json
dump/trace-641254-Native.json
dump/trace-641266-Base.json
dump/trace-641266-Native.json
dump/trace-641270-Base.json
dump/trace-641270-Native.json
dump/trace-641275-Base.json
dump/trace-641275-Native.json
dump/trace-641276-Base.json
dump/trace-641276-Native.json
dump/trace-641280-Base.json
dump/trace-641280-Native.json
dump/trace-641281-Base.json
dump/trace-641281-Native.json
dump/trace-641282-Base.json
dump/trace-641282-Native.json
dump/trace-641283-Base.json
dump/trace-641283-Native.json
dump/trace-641284-Base.json
dump/trace-641284-Native.json
dump/trace-641286-Base.json
dump/trace-641286-Native.json
dump/trace-641287-Base.json
dump/trace-641287-Native.json
dump/trace-641288-Base.json
dump/trace-641288-Native.json
dump/trace-641289-Base.json
dump/trace-641289-Native.json
dump/trace-641294-Base.json
dump/trace-641294-Native.json
dump/trace-641295-Base.json
dump/trace-641295-Native.json
dump/trace-641296-Base.json
dump/trace-641296-Native.json
dump/trace-641298-Base.json
dump/trace-641298-Native.json
dump/trace-641350-Base.json
dump/trace-641350-Native.json
dump/trace-641572-Base.json
dump/trace-641572-Native.json
dump/trace-641573-Base.json
dump/trace-641573-Native.json
dump/trace-641574-Base.json
dump/trace-641574-Native.json
dump/trace-641586-Base.json
dump/trace-641586-Native.json
dump/trace-641595-Base.json
dump/trace-641595-Native.json
dump/trace-641598-Base.json
dump/trace-641598-Native.json
dump/trace-641781-Base.json
dump/trace-641781-Native.json
dump/trace-641798-Base.json
dump/trace-641798-Native.json
dump/trace-641802-Base.json
dump/trace-641802-Native.json
dump/trace-641966-Base.json
dump/trace-641966-Native.json
dump/trace-641972-Base.json
dump/trace-641972-Native.json
dump/trace-641973-Base.json
dump/trace-641973-Native.json
dump/trace-641975-Base.json
dump/trace-641975-Native.json
dump/trace-642005-Base.json
dump/trace-642005-Native.json
dump/trace-642008-Base.json
dump/trace-642008-Native.json
dump/trace-642011-Base.json
dump/trace-642011-Native.json
dump/trace-642034-Base.json
dump/trace-642034-Native.json
dump/trace-642035-Base.json
dump/trace-642035-Native.json
dump/trace-642036-Base.json
dump/trace-642036-Native.json
dump/trace-642037-Base.json
dump/trace-642037-Native.json
dump/trace-642041-Base.json
dump/trace-642041-Native.json
dump/trace-642042-Base.json
dump/trace-642042-Native.json
dump/trace-642043-Base.json
dump/trace-642043-Native.json
dump/trace-642044-Base.json
dump/trace-642044-Native.json
dump/trace-642046-Base.json
dump/trace-642046-Native.json
dump/trace-642064-Base.json
dump/trace-642064-Native.json
dump/trace-642066-Base.json
dump/trace-642066-Native.json
dump/trace-642068-Base.json
dump/trace-642068-Native.json
dump/trace-642069-Base.json
dump/trace-642069-Native.json
dump/trace-642070-Native.json
dump/trace-642193-Base.json
dump/trace-642193-Native.json
dump/trace-642258-Base.json
dump/trace-642258-Native.json
dump/trace-642260-Base.json
dump/trace-642260-Native.json
dump/trace-642261-Base.json
dump/trace-642261-Native.json
dump/trace-642262-Base.json
dump/trace-642262-Native.json
dump/trace-642266-Base.json
dump/trace-642266-Native.json
dump/trace-642267-Base.json
dump/trace-642267-Native.json
dump/trace-642268-Base.json
dump/trace-642268-Native.json
dump/trace-642269-Base.json
dump/trace-642269-Native.json
dump/trace-642271-Base.json
dump/trace-642271-Native.json
dump/trace-642272-Base.json
dump/trace-642272-Native.json
dump/trace-642276-Base.json
dump/trace-642276-Native.json
dump/trace-642282-Base.json
dump/trace-642282-Native.json
dump/trace-642283-Base.json
dump/trace-642283-Native.json
dump/trace-642286-Base.json
dump/trace-642286-Native.json
dump/trace-642287-Base.json
dump/trace-642287-Native.json
dump/trace-642300-Base.json
dump/trace-642300-Native.json
dump/trace-642301-Base.json
dump/trace-642301-Native.json
dump/trace-642338-Base.json
dump/trace-642338-Native.json
dump/trace-642428-Base.json
dump/trace-642428-Native.json
dump/trace-642484-Base.json
dump/trace-642484-Native.json
dump/trace-642530-Base.json
dump/trace-642530-Native.json
dump/trace-642532-Base.json
dump/trace-642532-Native.json
gs.log
make.log
native_juno_out.log
push.sh
results/.gitattributes
results/block-642533.json
results/block-642534.json
results/block-642535.json
results/block-642539.json
results/block-642541.json
results/block-642542.json
results/block-642543.json
results/block-642547.json
results/block-642548.json
results/block-642550.json
results/block-642551.json
results/block-642552.json
results/block-642553.json
results/block-642556.json
results/block-642566.json
results/block-642572.json
results/block-642575.json
results/block-642576.json
results/block-642577.json
results/block-642579.json
results/block-642580.json
results/block-642581.json
results/block-642582.json
results/block-642584.json
results/block-642585.json
results/block-642586.json
results/block-642588.json
results/block-642589.json
results/comparison-616498.json
results/comparison-632990.json
results/comparison-632998.json
results/comparison-633000.json
results/comparison-633002.json
results/comparison-633029.json
results/comparison-633041.json
results/comparison-633042.json
results/comparison-633056.json
results/comparison-633057.json
results/comparison-633063.json
results/comparison-633065.json
results/comparison-633066.json
results/comparison-633071.json
results/comparison-633072.json
results/comparison-633073.json
results/comparison-633125.json
results/comparison-633126.json
results/comparison-633127.json
results/comparison-633128.json
results/comparison-633130.json
results/comparison-633131.json
results/comparison-633132.json
results/comparison-633134.json
results/comparison-633137.json
results/comparison-633138.json
results/comparison-633139.json
results/comparison-633143.json
results/comparison-633144.json
results/comparison-633145.json
results/comparison-633146.json
results/comparison-633147.json
results/comparison-633150.json
results/comparison-633152.json
results/comparison-633153.json
results/comparison-633154.json
results/comparison-633155.json
results/comparison-633156.json
results/comparison-633158.json
results/comparison-633160.json
results/comparison-633161.json
results/comparison-633164.json
results/comparison-633165.json
results/comparison-633270.json
results/comparison-633272.json
results/comparison-633273.json
results/comparison-633363.json
results/comparison-633364.json
results/comparison-633365.json
results/comparison-633366.json
results/comparison-633367.json
results/comparison-633389.json
results/comparison-633394.json
results/comparison-633419.json
results/comparison-633425.json
results/comparison-633426.json
results/comparison-633427.json
results/comparison-633428.json
results/comparison-633429.json
results/comparison-633430.json
results/comparison-633432.json
results/comparison-633433.json
results/comparison-633434.json
results/comparison-633435.json
results/comparison-633440.json
results/comparison-633442.json
results/comparison-633452.json
results/comparison-633730.json
results/comparison-633732.json
results/comparison-633733.json
results/comparison-633734.json
results/comparison-633735.json
results/comparison-633737.json
results/comparison-633744.json
results/comparison-633745.json
results/comparison-633754.json
results/comparison-633755.json
results/comparison-633756.json
results/comparison-633757.json
results/comparison-633758.json
results/comparison-633759.json
results/comparison-633760.json
results/comparison-633761.json
results/comparison-633762.json
results/comparison-633763.json
results/comparison-633764.json
results/comparison-633765.json
results/comparison-633766.json
results/comparison-633767.json
results/comparison-633768.json
results/comparison-633769.json
results/comparison-633770.json
results/comparison-633771.json
results/comparison-633773.json
results/comparison-633800.json
results/comparison-633805.json
results/comparison-633849.json
results/comparison-633869.json
results/comparison-633875.json
results/comparison-633923.json
results/comparison-633925.json
results/comparison-633926.json
results/comparison-633927.json
results/comparison-633929.json
results/comparison-633933.json
results/comparison-633945.json
results/comparison-633946.json
results/comparison-633948.json
results/comparison-633950.json
results/comparison-633951.json
results/comparison-633952.json
results/comparison-633953.json
results/comparison-633960.json
results/comparison-633962.json
results/comparison-633975.json
results/comparison-633985.json
results/comparison-633986.json
results/comparison-633988.json
results/comparison-633993.json
results/comparison-633994.json
results/comparison-633995.json
results/comparison-633996.json
results/comparison-633999.json
results/comparison-634000.json
results/comparison-634001.json
results/comparison-634002.json
results/comparison-634003.json
results/comparison-634004.json
results/comparison-634006.json
results/comparison-634008.json
results/comparison-634009.json
results/comparison-634010.json
results/comparison-634011.json
results/comparison-634257.json
results/comparison-634258.json
results/comparison-634272.json
results/comparison-634277.json
results/comparison-634438.json
results/comparison-634442.json
results/comparison-634443.json
results/comparison-634444.json
results/comparison-634496.json
results/comparison-634499.json
results/comparison-634500.json
results/comparison-634501.json
results/comparison-634503.json
results/comparison-634506.json
results/comparison-634507.json
results/comparison-634508.json
results/comparison-634523.json
results/comparison-634526.json
results/comparison-634527.json
results/comparison-634528.json
results/comparison-634529.json
results/comparison-634530.json
results/comparison-634531.json
results/comparison-634532.json
results/comparison-634533.json
results/comparison-634534.json
results/comparison-634554.json
results/comparison-634557.json
results/comparison-634561.json
results/comparison-634562.json
results/comparison-634717.json
results/comparison-634718.json
results/comparison-634719.json
results/comparison-634720.json
results/comparison-634724.json
results/comparison-634726.json
results/comparison-634727.json
results/comparison-634728.json
results/comparison-634729.json
results/comparison-634730.json
results/comparison-634731.json
results/comparison-634736.json
results/comparison-634737.json
results/comparison-634738.json
results/comparison-634739.json
results/comparison-634740.json
results/comparison-634741.json
results/comparison-634742.json
results/comparison-634743.json
results/comparison-634745.json
results/comparison-634746.json
results/comparison-634747.json
results/comparison-634748.json
results/comparison-634749.json
results/comparison-634750.json
results/comparison-634751.json
results/comparison-634753.json
results/comparison-634759.json
results/comparison-634761.json
results/comparison-634763.json
results/comparison-634764.json
results/comparison-634774.json
results/comparison-634778.json
results/comparison-634779.json
results/comparison-634799.json
results/comparison-634801.json
results/comparison-634802.json
results/comparison-634931.json
results/comparison-634938.json
results/comparison-634942.json
results/comparison-634944.json
results/comparison-634949.json
results/comparison-634954.json
results/comparison-634956.json
results/comparison-634957.json
results/comparison-634958.json
results/comparison-634961.json
results/comparison-634962.json
results/comparison-634963.json
results/comparison-634964.json
results/comparison-634965.json
results/comparison-634966.json
results/comparison-634967.json
results/comparison-634968.json
results/comparison-634969.json
results/comparison-634970.json
results/comparison-634971.json
results/comparison-634972.json
results/comparison-634973.json
results/comparison-634974.json
results/comparison-634975.json
results/comparison-634976.json
results/comparison-634977.json
results/comparison-634978.json
results/comparison-634979.json
results/comparison-634980.json
results/comparison-634981.json
results/comparison-634982.json
results/comparison-634983.json
results/comparison-634984.json
results/comparison-634985.json
results/comparison-634986.json
results/comparison-634987.json
results/comparison-634988.json
results/comparison-634989.json
results/comparison-634990.json
results/comparison-634991.json
results/comparison-634992.json
results/comparison-634993.json
results/comparison-634994.json
results/comparison-634995.json
results/comparison-634996.json
results/comparison-634997.json
results/comparison-634998.json
results/comparison-634999.json
results/comparison-635000.json
results/comparison-635001.json
results/comparison-635002.json
results/comparison-635003.json
results/comparison-635004.json
results/comparison-635005.json
results/comparison-635006.json
results/comparison-635007.json
results/comparison-635008.json
results/comparison-635009.json
results/comparison-635010.json
results/comparison-635011.json
results/comparison-635012.json
results/comparison-635013.json
results/comparison-635014.json
results/comparison-635015.json
results/comparison-635016.json
results/comparison-635017.json
results/comparison-635018.json
results/comparison-635019.json
results/comparison-635023.json
results/comparison-635026.json
results/comparison-635027.json
results/comparison-635028.json
results/comparison-635029.json
results/comparison-635032.json
results/comparison-635037.json
results/comparison-635048.json
results/comparison-635049.json
results/comparison-635052.json
results/comparison-635053.json
results/comparison-635054.json
results/comparison-635057.json
results/comparison-635058.json
results/comparison-635059.json
results/comparison-635060.json
results/comparison-635061.json
results/comparison-635065.json
results/comparison-635112.json
results/comparison-635114.json
results/comparison-635168.json
results/comparison-635177.json
results/comparison-635178.json
results/comparison-635179.json
results/comparison-635180.json
results/comparison-635181.json
results/comparison-635182.json
results/comparison-635184.json
results/comparison-635185.json
results/comparison-635186.json
results/comparison-635188.json
results/comparison-635191.json
results/comparison-635192.json
results/comparison-635193.json
results/comparison-635194.json
results/comparison-635195.json
results/comparison-635196.json
results/comparison-635198.json
results/comparison-635202.json
results/comparison-635203.json
results/comparison-635204.json
results/comparison-635205.json
results/comparison-635206.json
results/comparison-635207.json
results/comparison-635208.json
results/comparison-635209.json
results/comparison-635210.json
results/comparison-635211.json
results/comparison-635212.json
results/comparison-635213.json
results/comparison-635214.json
results/comparison-635215.json
results/comparison-635216.json
results/comparison-635217.json
results/comparison-635218.json
results/comparison-635219.json
results/comparison-635220.json
results/comparison-635221.json
results/comparison-635222.json
results/comparison-635227.json
results/comparison-635230.json
results/comparison-635232.json
results/comparison-635234.json
results/comparison-635237.json
results/comparison-635239.json
results/comparison-635242.json
results/comparison-635243.json
results/comparison-635244.json
results/comparison-635245.json
results/comparison-635246.json
results/comparison-635247.json
results/comparison-635248.json
results/comparison-635249.json
results/comparison-635250.json
results/comparison-635251.json
results/comparison-635267.json
results/comparison-635268.json
results/comparison-635276.json
results/comparison-635278.json
results/comparison-635283.json
results/comparison-635284.json
results/comparison-635288.json
results/comparison-635329.json
results/comparison-635460.json
results/comparison-635461.json
results/comparison-635462.json
results/comparison-635463.json
results/comparison-635465.json
results/comparison-635466.json
results/comparison-635468.json
results/comparison-635469.json
results/comparison-635470.json
results/comparison-635471.json
results/comparison-635472.json
results/comparison-635473.json
results/comparison-635474.json
results/comparison-635486.json
results/comparison-635487.json
results/comparison-635491.json
results/comparison-635493.json
results/comparison-635518.json
results/comparison-635519.json
results/comparison-635520.json
results/comparison-635521.json
results/comparison-635621.json
results/comparison-635622.json
results/comparison-635656.json
results/comparison-635714.json
results/comparison-635746.json
results/comparison-635749.json
results/comparison-635750.json
results/comparison-635751.json
results/comparison-635752.json
results/comparison-635753.json
results/comparison-635755.json
results/comparison-635757.json
results/comparison-635763.json
results/comparison-635764.json
results/comparison-635771.json
results/comparison-635928.json
results/comparison-635932.json
results/comparison-635953.json
results/comparison-635954.json
results/comparison-635955.json
results/comparison-635956.json
results/comparison-635957.json
results/comparison-635958.json
results/comparison-635959.json
results/comparison-635960.json
results/comparison-635961.json
results/comparison-635962.json
results/comparison-635965.json
results/comparison-635967.json
results/comparison-635974.json
results/comparison-635976.json
results/comparison-635977.json
results/comparison-635978.json
results/comparison-635979.json
results/comparison-635981.json
results/comparison-635982.json
results/comparison-635983.json
results/comparison-635992.json
results/comparison-635997.json
results/comparison-636014.json
results/comparison-636016.json
results/comparison-636017.json
results/comparison-636048.json
results/comparison-636053.json
results/comparison-636060.json
results/comparison-636061.json
results/comparison-636062.json
results/comparison-636063.json
results/comparison-636167.json
results/comparison-636168.json
results/comparison-636169.json
results/comparison-636172.json
results/comparison-636178.json
results/comparison-636179.json
results/comparison-636181.json
results/comparison-636183.json
results/comparison-636184.json
results/comparison-636185.json
results/comparison-636186.json
results/comparison-636187.json
results/comparison-636188.json
results/comparison-636189.json
results/comparison-636197.json
results/comparison-636198.json
results/comparison-636212.json
results/comparison-636213.json
results/comparison-636214.json
results/comparison-636218.json
results/comparison-636219.json
results/comparison-636220.json
results/comparison-636221.json
results/comparison-636222.json
results/comparison-636225.json
results/comparison-636226.json
results/comparison-636238.json
results/comparison-636241.json
results/comparison-636243.json
results/comparison-636249.json
results/comparison-636253.json
results/comparison-636255.json
results/comparison-636258.json
results/comparison-636263.json
results/comparison-636272.json
results/comparison-636274.json
results/comparison-636431.json
results/comparison-636433.json
results/comparison-636436.json
results/comparison-636439.json
results/comparison-636440.json
results/comparison-636443.json
results/comparison-636444.json
results/comparison-636445.json
results/comparison-636446.json
results/comparison-636449.json
results/comparison-636454.json
results/comparison-636455.json
results/comparison-636457.json
results/comparison-636458.json
results/comparison-636459.json
results/comparison-636460.json
results/comparison-636465.json
results/comparison-636466.json
results/comparison-636468.json
results/comparison-636470.json
results/comparison-636471.json
results/comparison-636485.json
results/comparison-636486.json
results/comparison-636487.json
results/comparison-636488.json
results/comparison-636489.json
results/comparison-636492.json
results/comparison-636494.json
results/comparison-636496.json
results/comparison-636497.json
results/comparison-636498.json
results/comparison-636499.json
results/comparison-636500.json
results/comparison-636502.json
results/comparison-636503.json
results/comparison-636504.json
results/comparison-636505.json
results/comparison-636506.json
results/comparison-636507.json
results/comparison-636508.json
results/comparison-636509.json
results/comparison-636510.json
results/comparison-636511.json
results/comparison-636512.json
results/comparison-636513.json
results/comparison-636525.json
results/comparison-636526.json
results/comparison-636546.json
results/comparison-636616.json
results/comparison-636665.json
results/comparison-636673.json
results/comparison-636687.json
results/comparison-636691.json
results/comparison-636693.json
results/comparison-636694.json
results/comparison-636697.json
results/comparison-636698.json
results/comparison-636699.json
results/comparison-636700.json
results/comparison-636721.json
results/comparison-636723.json
results/comparison-636724.json
results/comparison-636725.json
results/comparison-636726.json
results/comparison-636728.json
results/comparison-636732.json
results/comparison-636733.json
results/comparison-636734.json
results/comparison-636736.json
results/comparison-636737.json
results/comparison-636738.json
results/comparison-636739.json
results/comparison-636740.json
results/comparison-636741.json
results/comparison-636742.json
results/comparison-636743.json
results/comparison-636744.json
results/comparison-636745.json
results/comparison-636746.json
results/comparison-636747.json
results/comparison-636748.json
results/comparison-636749.json
results/comparison-636750.json
results/comparison-636754.json
results/comparison-636757.json
results/comparison-636758.json
results/comparison-636760.json
results/comparison-636761.json
results/comparison-636762.json
results/comparison-636768.json
results/comparison-636771.json
results/comparison-636775.json
results/comparison-636778.json
results/comparison-636790.json
results/comparison-636792.json
results/comparison-636793.json
results/comparison-636881.json
results/comparison-636930.json
results/comparison-636931.json
results/comparison-636933.json
results/comparison-636936.json
results/comparison-636937.json
results/comparison-636938.json
results/comparison-636939.json
results/comparison-636941.json
results/comparison-636943.json
results/comparison-636957.json
results/comparison-636963.json
results/comparison-636964.json
results/comparison-636965.json
results/comparison-636966.json
results/comparison-636967.json
results/comparison-636969.json
results/comparison-636970.json
results/comparison-636972.json
results/comparison-636973.json
results/comparison-636975.json
results/comparison-636976.json
results/comparison-636980.json
results/comparison-636983.json
results/comparison-636985.json
results/comparison-636992.json
results/comparison-637001.json
results/comparison-637096.json
results/comparison-637102.json
results/comparison-637151.json
results/comparison-637215.json
results/comparison-637520.json
results/comparison-637525.json
results/comparison-637526.json
results/comparison-637568.json
results/comparison-637569.json
results/comparison-637960.json
results/comparison-637971.json
results/comparison-638001.json
results/comparison-638004.json
results/comparison-638010.json
results/comparison-638018.json
results/comparison-638020.json
results/comparison-638022.json
results/comparison-638189.json
results/comparison-638195.json
results/comparison-638196.json
results/comparison-638197.json
results/comparison-638198.json
results/comparison-638210.json
results/comparison-638218.json
results/comparison-638234.json
results/comparison-638235.json
results/comparison-638237.json
results/comparison-638239.json
results/comparison-638240.json
results/comparison-638241.json
results/comparison-638242.json
results/comparison-638243.json
results/comparison-638244.json
results/comparison-638245.json
results/comparison-638246.json
results/comparison-638247.json
results/comparison-638248.json
results/comparison-638249.json
results/comparison-638250.json
results/comparison-638251.json
results/comparison-638252.json
results/comparison-638253.json
results/comparison-638254.json
results/comparison-638255.json
results/comparison-638256.json
results/comparison-638257.json
results/comparison-638258.json
results/comparison-638259.json
results/comparison-638261.json
results/comparison-638262.json
results/comparison-638263.json
results/comparison-638264.json
results/comparison-638265.json
results/comparison-638266.json
results/comparison-638267.json
results/comparison-638268.json
results/comparison-638269.json
results/comparison-638274.json
results/comparison-638275.json
results/comparison-638276.json
results/comparison-638278.json
results/comparison-638279.json
results/comparison-638280.json
results/comparison-638281.json
results/comparison-638282.json
results/comparison-638283.json
results/comparison-638284.json
results/comparison-638524.json
results/comparison-638735.json
results/comparison-638754.json
results/comparison-638762.json
results/comparison-638764.json
results/comparison-640926.json
results/comparison-640927.json
results/comparison-640928.json
results/comparison-640929.json
results/comparison-640969.json
results/comparison-640970.json
results/comparison-640971.json
results/comparison-641054.json
results/comparison-641195.json
results/comparison-641203.json
results/comparison-641232.json
results/comparison-641254.json
results/comparison-641266.json
results/comparison-641270.json
results/comparison-641275.json
results/comparison-641276.json
results/comparison-641280.json
results/comparison-641281.json
results/comparison-641282.json
results/comparison-641283.json
results/comparison-641284.json
results/comparison-641286.json
results/comparison-641287.json
results/comparison-641288.json
results/comparison-641289.json
results/comparison-641294.json
results/comparison-641295.json
results/comparison-641296.json
results/comparison-641298.json
results/comparison-641350.json
results/comparison-641572.json
results/comparison-641573.json
results/comparison-641574.json
results/comparison-641586.json
results/comparison-641595.json
results/comparison-641598.json
results/comparison-641781.json
results/comparison-641798.json
results/comparison-641802.json
results/comparison-641954.json
results/comparison-641966.json
results/comparison-641972.json
results/comparison-641973.json
results/comparison-641975.json
results/comparison-642005.json
results/comparison-642008.json
results/comparison-642011.json
results/comparison-642034.json
results/comparison-642035.json
results/comparison-642036.json
results/comparison-642037.json
results/comparison-642041.json
results/comparison-642042.json
results/comparison-642043.json
results/comparison-642044.json
results/comparison-642046.json
results/comparison-642064.json
results/comparison-642066.json
results/comparison-642068.json
results/comparison-642069.json
results/comparison-642070.json
results/comparison-642193.json
results/comparison-642258.json
results/comparison-642260.json
results/comparison-642261.json
results/comparison-642262.json
results/comparison-642263.json
results/comparison-642264.json
results/comparison-642266.json
results/comparison-642267.json
results/comparison-642268.json
results/comparison-642269.json
results/comparison-642271.json
results/comparison-642272.json
results/comparison-642276.json
results/comparison-642281.json
results/comparison-642282.json
results/comparison-642283.json
results/comparison-642286.json
results/comparison-642287.json
results/comparison-642300.json
results/comparison-642301.json
results/comparison-642338.json
results/comparison-642428.json
results/comparison-642484.json
results/comparison-642530.json
results/comparison-642532.json
results/crash-633333.json
results/dependencies/transaction_contracts-616498-native.log
results/dependencies/transaction_storage-616498-native.log
